2021-01-24 21:41:07,245 WARN org.springframework.http.converter.json.Jackson2ObjectMapperBuilder [background-preinit] For Jackson Kotlin classes support please add "com.fasterxml.jackson.module:jackson-module-kotlin" to the classpath
2021-01-24 21:41:22,765 WARN com.marklogic.analyzer.Analyzer [http-nio-18083-exec-3] Loading Configuration Parameters 
2021-01-24 21:41:22,785 WARN com.marklogic.analyzer.Analyzer [http-nio-18083-exec-3]  Started Analyzing with PIDcom.marklogic.analyzer.Analyzer 46072
2021-01-24 21:41:25,629 WARN com.marklogic.analyzer.Analyzer [http-nio-18083-exec-3] Progress: 100 results so far; time 2.187000s; 45.725 records/s
2021-01-24 21:41:25,630 WARN com.marklogic.analyzer.Analyzer [http-nio-18083-exec-3] Data Movement Job --> 824e693f-1bd3-4142-a9c6-8921bdea9527 Started
2021-01-24 21:41:26,089 WARN com.marklogic.analyzer.Analyzer [pool-1-thread-1] Progress: 200 results so far; time 2.653000s; 75.386 records/s
2021-01-24 21:41:26,209 WARN com.marklogic.analyzer.Analyzer [pool-1-thread-2] Progress: 300 results so far; time 2.773000s; 108.19 records/s
2021-01-24 21:41:26,670 WARN com.marklogic.analyzer.Analyzer [pool-1-thread-3] Progress: 400 results so far; time 3.233000s; 123.72 records/s
2021-01-24 21:41:27,151 WARN com.marklogic.analyzer.Analyzer [pool-1-thread-4] Progress: 500 results so far; time 3.715000s; 134.59 records/s
2021-01-24 21:41:27,225 WARN com.marklogic.analyzer.Analyzer [pool-1-thread-5] Progress: 600 results so far; time 3.789000s; 158.35 records/s
2021-01-24 21:41:27,253 WARN com.marklogic.analyzer.Analyzer [pool-1-thread-6] Progress: 700 results so far; time 3.816000s; 183.44 records/s
2021-01-24 21:41:27,317 WARN com.marklogic.analyzer.Analyzer [pool-1-thread-7] Progress: 800 results so far; time 3.880000s; 206.19 records/s
2021-01-24 21:41:27,387 WARN com.marklogic.analyzer.Analyzer [pool-1-thread-8] Progress: 900 results so far; time 3.950000s; 227.85 records/s
2021-01-24 21:41:27,468 WARN com.marklogic.analyzer.Analyzer [pool-1-thread-9] Progress: 1000 results so far; time 4.032000s; 248.02 records/s
2021-01-24 21:41:27,565 WARN com.marklogic.analyzer.Analyzer [pool-1-thread-10] Progress: 1100 results so far; time 4.128000s; 266.47 records/s
2021-01-24 21:41:27,645 WARN com.marklogic.analyzer.Analyzer [pool-1-thread-1] Progress: 1200 results so far; time 4.208000s; 285.17 records/s
2021-01-24 21:41:27,748 WARN com.marklogic.analyzer.Analyzer [pool-1-thread-2] Progress: 1300 results so far; time 4.312000s; 301.48 records/s
2021-01-24 21:41:27,851 WARN com.marklogic.analyzer.Analyzer [pool-1-thread-3] Progress: 1400 results so far; time 4.415000s; 317.1 records/s
2021-01-24 21:41:27,885 WARN com.marklogic.analyzer.Analyzer [pool-1-thread-4] Progress: 1500 results so far; time 4.448000s; 337.23 records/s
2021-01-24 21:41:27,996 WARN com.marklogic.analyzer.Analyzer [pool-1-thread-5] Progress: 1600 results so far; time 4.560000s; 350.88 records/s
2021-01-24 21:41:28,031 WARN com.marklogic.analyzer.Analyzer [pool-1-thread-7] Progress: 1700 results so far; time 4.594000s; 370.05 records/s
2021-01-24 21:41:28,131 WARN com.marklogic.analyzer.Analyzer [pool-1-thread-8] Progress: 1900 results so far; time 4.694000s; 404.77 records/s
2021-01-24 21:41:28,171 WARN com.marklogic.analyzer.Analyzer [pool-1-thread-9] Progress: 2000 results so far; time 4.734000s; 422.48 records/s
2021-01-24 21:41:28,174 WARN com.marklogic.analyzer.Analyzer [pool-1-thread-10] Progress: 2100 results so far; time 4.738000s; 443.22 records/s
2021-01-24 21:41:28,210 WARN com.marklogic.analyzer.Analyzer [pool-1-thread-1] Progress: 2200 results so far; time 4.773000s; 460.93 records/s
2021-01-24 21:41:28,238 WARN com.marklogic.analyzer.Analyzer [pool-1-thread-2] Progress: 2300 results so far; time 4.802000s; 478.97 records/s
2021-01-24 21:41:28,393 WARN com.marklogic.analyzer.Analyzer [pool-1-thread-3] Progress: 2400 results so far; time 4.957000s; 484.16 records/s
2021-01-24 21:41:28,446 WARN com.marklogic.analyzer.Analyzer [pool-1-thread-4] Progress: 2500 results so far; time 5.010000s; 499.0 records/s
2021-01-24 21:41:28,571 WARN com.marklogic.analyzer.Analyzer [pool-1-thread-7] Progress: 2700 results so far; time 5.134000s; 525.91 records/s
2021-01-24 21:41:28,912 WARN com.marklogic.analyzer.Analyzer [pool-1-thread-6] Progress: 2900 results so far; time 5.476000s; 529.58 records/s
2021-01-24 21:41:29,888 WARN com.marklogic.analyzer.Analyzer [pool-1-thread-9] Progress: 3000 results so far; time 6.451000s; 465.04 records/s
2021-01-24 21:41:29,914 WARN com.marklogic.analyzer.Analyzer [pool-1-thread-10] Progress: 3100 results so far; time 6.478000s; 478.54 records/s
2021-01-24 21:41:30,009 WARN com.marklogic.analyzer.Analyzer [pool-1-thread-1] Progress: 3200 results so far; time 6.573000s; 486.84 records/s
2021-01-24 21:41:30,069 WARN com.marklogic.analyzer.Analyzer [pool-1-thread-2] Progress: 3300 results so far; time 6.632000s; 497.59 records/s
2021-01-24 21:41:30,223 WARN com.marklogic.analyzer.Analyzer [pool-1-thread-3] Progress: 3400 results so far; time 6.786000s; 501.03 records/s
2021-01-24 21:41:30,255 WARN com.marklogic.analyzer.Analyzer [pool-1-thread-4] Progress: 3500 results so far; time 6.819000s; 513.27 records/s
2021-01-24 21:41:30,317 WARN com.marklogic.analyzer.Analyzer [pool-1-thread-7] Progress: 3600 results so far; time 6.881000s; 523.18 records/s
2021-01-24 21:41:30,452 WARN com.marklogic.analyzer.Analyzer [pool-1-thread-5] Progress: 3700 results so far; time 7.013000s; 527.59 records/s
2021-01-24 21:41:30,518 WARN com.marklogic.analyzer.Analyzer [pool-1-thread-6] Progress: 3800 results so far; time 7.082000s; 536.57 records/s
2021-01-24 21:41:30,538 WARN com.marklogic.analyzer.Analyzer [pool-1-thread-8] Progress: 3900 results so far; time 7.102000s; 549.14 records/s
2021-01-24 21:41:30,608 WARN com.marklogic.analyzer.Analyzer [pool-1-thread-9] Progress: 4000 results so far; time 7.172000s; 557.72 records/s
2021-01-24 21:41:30,627 WARN com.marklogic.analyzer.Analyzer [pool-1-thread-10] Progress: 4100 results so far; time 7.190000s; 570.24 records/s
2021-01-24 21:41:30,670 WARN com.marklogic.analyzer.Analyzer [pool-1-thread-2] Progress: 4200 results so far; time 7.234000s; 580.59 records/s
2021-01-24 21:41:30,710 WARN com.marklogic.analyzer.Analyzer [pool-1-thread-1] Progress: 4300 results so far; time 7.271000s; 591.39 records/s
2021-01-24 21:41:30,743 WARN com.marklogic.analyzer.Analyzer [pool-1-thread-3] Progress: 4400 results so far; time 7.306000s; 602.24 records/s
2021-01-24 21:41:30,746 WARN com.marklogic.analyzer.Analyzer [pool-1-thread-4] Progress: 4500 results so far; time 7.309000s; 615.68 records/s
2021-01-24 21:41:30,766 WARN com.marklogic.analyzer.Analyzer [pool-1-thread-7] Progress: 4600 results so far; time 7.329000s; 627.64 records/s
2021-01-24 21:41:30,937 WARN com.marklogic.analyzer.Analyzer [pool-1-thread-5] Progress: 4700 results so far; time 7.501000s; 626.58 records/s
2021-01-24 21:41:31,014 WARN com.marklogic.analyzer.Analyzer [pool-1-thread-8] Progress: 4800 results so far; time 7.578000s; 633.41 records/s
2021-01-24 21:41:31,042 WARN com.marklogic.analyzer.Analyzer [pool-1-thread-6] Progress: 4900 results so far; time 7.606000s; 644.23 records/s
2021-01-24 21:41:31,113 WARN com.marklogic.analyzer.Analyzer [pool-1-thread-9] Progress: 5000 results so far; time 7.677000s; 651.3 records/s
2021-01-24 21:41:31,121 WARN com.marklogic.analyzer.Analyzer [pool-1-thread-10] Progress: 5100 results so far; time 7.685000s; 663.63 records/s
2021-01-24 21:41:31,176 WARN com.marklogic.analyzer.Analyzer [pool-1-thread-2] Progress: 5200 results so far; time 7.739000s; 671.92 records/s
2021-01-24 21:41:31,189 WARN com.marklogic.analyzer.Analyzer [pool-1-thread-1] Progress: 5300 results so far; time 7.752000s; 683.69 records/s
2021-01-24 21:41:31,230 WARN com.marklogic.analyzer.Analyzer [pool-1-thread-3] Progress: 5400 results so far; time 7.793000s; 692.93 records/s
2021-01-24 21:41:31,246 WARN com.marklogic.analyzer.Analyzer [pool-1-thread-4] Progress: 5500 results so far; time 7.810000s; 704.23 records/s
2021-01-24 21:41:31,306 WARN com.marklogic.analyzer.Analyzer [pool-1-thread-7] Progress: 5600 results so far; time 7.869000s; 711.65 records/s
2021-01-24 21:41:31,520 WARN com.marklogic.analyzer.Analyzer [pool-1-thread-5] Progress: 5700 results so far; time 8.084000s; 705.1 records/s
2021-01-24 21:41:31,684 WARN com.marklogic.analyzer.Analyzer [pool-1-thread-8] Progress: 5800 results so far; time 8.248000s; 703.2 records/s
2021-01-24 21:41:31,714 WARN com.marklogic.analyzer.Analyzer [pool-1-thread-6] Progress: 5900 results so far; time 8.278000s; 712.73 records/s
2021-01-24 21:41:31,867 WARN com.marklogic.analyzer.Analyzer [pool-1-thread-10] Progress: 6100 results so far; time 8.431000s; 723.52 records/s
2021-01-24 21:41:32,085 WARN com.marklogic.analyzer.Analyzer [pool-1-thread-2] Progress: 6200 results so far; time 8.649000s; 716.85 records/s
2021-01-24 21:41:32,494 WARN com.marklogic.analyzer.Analyzer [pool-1-thread-1] Progress: 6300 results so far; time 9.057000s; 695.59 records/s
2021-01-24 21:41:32,722 WARN com.marklogic.analyzer.Analyzer [pool-1-thread-4] Progress: 6500 results so far; time 9.286000s; 699.98 records/s
2021-01-24 21:41:32,773 WARN com.marklogic.analyzer.Analyzer [pool-1-thread-7] Progress: 6600 results so far; time 9.337000s; 706.87 records/s
2021-01-24 21:41:32,851 WARN com.marklogic.analyzer.Analyzer [pool-1-thread-5] Progress: 6700 results so far; time 9.415000s; 711.63 records/s
2021-01-24 21:41:32,891 WARN com.marklogic.analyzer.Analyzer [pool-1-thread-8] Progress: 6800 results so far; time 9.455000s; 719.2 records/s
2021-01-24 21:41:32,960 WARN com.marklogic.analyzer.Analyzer [pool-1-thread-6] Progress: 6900 results so far; time 9.524000s; 724.49 records/s
2021-01-24 21:41:33,041 WARN com.marklogic.analyzer.Analyzer [pool-1-thread-10] Progress: 7000 results so far; time 9.604000s; 728.86 records/s
2021-01-24 21:41:33,056 WARN com.marklogic.analyzer.Analyzer [pool-1-thread-9] Progress: 7100 results so far; time 9.620000s; 738.05 records/s
2021-01-24 21:41:33,116 WARN com.marklogic.analyzer.Analyzer [pool-1-thread-2] Progress: 7200 results so far; time 9.680000s; 743.8 records/s
2021-01-24 21:41:33,597 WARN com.marklogic.analyzer.Analyzer [pool-1-thread-1] Progress: 7300 results so far; time 10.161000s; 718.43 records/s
2021-01-24 21:41:33,643 WARN com.marklogic.analyzer.Analyzer [pool-1-thread-4] Progress: 7500 results so far; time 10.207000s; 734.79 records/s
2021-01-24 21:41:33,758 WARN com.marklogic.analyzer.Analyzer [pool-1-thread-7] Progress: 7600 results so far; time 10.322000s; 736.29 records/s
2021-01-24 21:41:33,827 WARN com.marklogic.analyzer.Analyzer [pool-1-thread-5] Progress: 7700 results so far; time 10.391000s; 741.03 records/s
2021-01-24 21:41:33,865 WARN com.marklogic.analyzer.Analyzer [pool-1-thread-8] Progress: 7800 results so far; time 10.428000s; 747.99 records/s
2021-01-24 21:41:33,987 WARN com.marklogic.analyzer.Analyzer [pool-1-thread-9] Progress: 8100 results so far; time 10.551000s; 767.7 records/s
2021-01-24 21:41:34,033 WARN com.marklogic.analyzer.Analyzer [pool-1-thread-2] Progress: 8200 results so far; time 10.597000s; 773.8 records/s
2021-01-24 21:41:34,085 WARN com.marklogic.analyzer.Analyzer [pool-1-thread-1] Progress: 8300 results so far; time 10.649000s; 779.42 records/s
2021-01-24 21:41:34,125 WARN com.marklogic.analyzer.Analyzer [pool-1-thread-3] Progress: 8500 results so far; time 10.689000s; 795.21 records/s
2021-01-24 21:41:34,259 WARN com.marklogic.analyzer.Analyzer [pool-1-thread-5] Progress: 8700 results so far; time 10.823000s; 803.84 records/s
2021-01-24 21:41:34,463 WARN com.marklogic.analyzer.Analyzer [pool-1-thread-8] Progress: 8800 results so far; time 11.027000s; 798.04 records/s
2021-01-24 21:41:34,560 WARN com.marklogic.analyzer.Analyzer [pool-1-thread-9] Progress: 8900 results so far; time 11.124000s; 800.07 records/s
2021-01-24 21:41:34,566 WARN com.marklogic.analyzer.Analyzer [pool-1-thread-10] Progress: 9200 results so far; time 11.130000s; 826.59 records/s
2021-01-24 21:41:34,623 WARN com.marklogic.analyzer.Analyzer [pool-1-thread-1] Progress: 9300 results so far; time 11.187000s; 831.32 records/s
2021-01-24 21:41:34,692 WARN com.marklogic.analyzer.Analyzer [pool-1-thread-4] Progress: 9400 results so far; time 11.255000s; 835.18 records/s
2021-01-24 21:41:34,744 WARN com.marklogic.analyzer.Analyzer [pool-1-thread-7] Progress: 9600 results so far; time 11.308000s; 848.96 records/s
2021-01-24 21:41:34,759 WARN com.marklogic.analyzer.Analyzer [pool-1-thread-5] Progress: 9700 results so far; time 11.323000s; 856.66 records/s
2021-01-24 21:41:34,886 WARN com.marklogic.analyzer.Analyzer [pool-1-thread-8] Progress: 9800 results so far; time 11.450000s; 855.9 records/s
2021-01-24 21:41:35,026 WARN com.marklogic.analyzer.Analyzer [pool-1-thread-9] Progress: 9900 results so far; time 11.590000s; 854.18 records/s
2021-01-24 21:41:35,088 WARN com.marklogic.analyzer.Analyzer [pool-1-thread-10] Progress: 10000 results so far; time 11.651000s; 858.3 records/s
2021-01-24 21:41:35,204 WARN com.marklogic.analyzer.Analyzer [pool-1-thread-1] Progress: 10100 results so far; time 11.768000s; 858.26 records/s
2021-01-24 21:41:35,265 WARN com.marklogic.analyzer.Analyzer [pool-1-thread-2] Progress: 10200 results so far; time 11.829000s; 862.29 records/s
2021-01-24 21:41:35,359 WARN com.marklogic.analyzer.Analyzer [pool-1-thread-4] Progress: 10300 results so far; time 11.923000s; 863.88 records/s
2021-01-24 21:41:35,401 WARN com.marklogic.analyzer.Analyzer [pool-1-thread-6] Progress: 10400 results so far; time 11.965000s; 869.2 records/s
2021-01-24 21:41:35,509 WARN com.marklogic.analyzer.Analyzer [pool-1-thread-7] Progress: 10500 results so far; time 12.073000s; 869.71 records/s
2021-01-24 21:41:35,546 WARN com.marklogic.analyzer.Analyzer [pool-1-thread-3] Progress: 10600 results so far; time 12.110000s; 875.31 records/s
2021-01-24 21:41:35,801 WARN com.marklogic.analyzer.Analyzer [pool-1-thread-5] Progress: 10700 results so far; time 12.365000s; 865.35 records/s
2021-01-24 21:41:35,818 WARN com.marklogic.analyzer.Analyzer [pool-1-thread-8] Progress: 10800 results so far; time 12.382000s; 872.23 records/s
2021-01-24 21:41:36,012 WARN com.marklogic.analyzer.Analyzer [pool-1-thread-9] Progress: 11000 results so far; time 12.575000s; 874.75 records/s
2021-01-24 21:41:36,569 WARN com.marklogic.analyzer.Analyzer [pool-1-thread-1] Progress: 11100 results so far; time 13.133000s; 845.2 records/s
2021-01-24 21:41:36,586 WARN com.marklogic.analyzer.Analyzer [pool-1-thread-2] Progress: 11200 results so far; time 13.150000s; 851.71 records/s
2021-01-24 21:41:36,637 WARN com.marklogic.analyzer.Analyzer [pool-1-thread-4] Progress: 11300 results so far; time 13.201000s; 856.0 records/s
2021-01-24 21:41:36,674 WARN com.marklogic.analyzer.Analyzer [pool-1-thread-6] Progress: 11400 results so far; time 13.238000s; 861.16 records/s
2021-01-24 21:41:36,719 WARN com.marklogic.analyzer.Analyzer [pool-1-thread-3] Progress: 11600 results so far; time 13.283000s; 873.3 records/s
2021-01-24 21:41:36,771 WARN com.marklogic.analyzer.Analyzer [pool-1-thread-8] Progress: 11700 results so far; time 13.335000s; 877.39 records/s
2021-01-24 21:41:36,787 WARN com.marklogic.analyzer.Analyzer [pool-1-thread-5] Progress: 11800 results so far; time 13.351000s; 883.83 records/s
2021-01-24 21:41:36,875 WARN com.marklogic.analyzer.Analyzer [pool-1-thread-9] Progress: 11900 results so far; time 13.439000s; 885.48 records/s
2021-01-24 21:41:36,951 WARN com.marklogic.analyzer.Analyzer [pool-1-thread-10] Progress: 12000 results so far; time 13.515000s; 887.9 records/s
2021-01-24 21:41:37,081 WARN com.marklogic.analyzer.Analyzer [pool-1-thread-1] Progress: 12100 results so far; time 13.644000s; 886.84 records/s
2021-01-24 21:41:37,084 WARN com.marklogic.analyzer.Analyzer [pool-1-thread-2] Progress: 12200 results so far; time 13.648000s; 893.9 records/s
2021-01-24 21:41:37,139 WARN com.marklogic.analyzer.Analyzer [pool-1-thread-6] Progress: 12300 results so far; time 13.702000s; 897.68 records/s
2021-01-24 21:41:37,144 WARN com.marklogic.analyzer.Analyzer [pool-1-thread-4] Progress: 12400 results so far; time 13.708000s; 904.58 records/s
2021-01-24 21:41:37,249 WARN com.marklogic.analyzer.Analyzer [pool-1-thread-3] Progress: 12500 results so far; time 13.813000s; 904.94 records/s
2021-01-24 21:41:37,250 WARN com.marklogic.analyzer.Analyzer [pool-1-thread-7] Progress: 12600 results so far; time 13.814000s; 912.12 records/s
2021-01-24 21:41:37,331 WARN com.marklogic.analyzer.Analyzer [pool-1-thread-8] Progress: 12700 results so far; time 13.895000s; 914.0 records/s
2021-01-24 21:41:37,365 WARN com.marklogic.analyzer.Analyzer [pool-1-thread-5] Progress: 12800 results so far; time 13.929000s; 918.95 records/s
2021-01-24 21:41:37,396 WARN com.marklogic.analyzer.Analyzer [pool-1-thread-9] Progress: 13000 results so far; time 13.959000s; 931.3 records/s
2021-01-24 21:41:37,538 WARN com.marklogic.analyzer.Analyzer [pool-1-thread-2] Progress: 13200 results so far; time 14.102000s; 936.04 records/s
2021-01-24 21:41:37,625 WARN com.marklogic.analyzer.Analyzer [pool-1-thread-6] Progress: 13400 results so far; time 14.189000s; 944.39 records/s
2021-01-24 21:41:37,683 WARN com.marklogic.analyzer.Analyzer [pool-1-thread-7] Progress: 13500 results so far; time 14.247000s; 947.57 records/s
2021-01-24 21:41:37,715 WARN com.marklogic.analyzer.Analyzer [pool-1-thread-3] Progress: 13600 results so far; time 14.279000s; 952.45 records/s
2021-01-24 21:41:37,772 WARN com.marklogic.analyzer.Analyzer [pool-1-thread-8] Progress: 13700 results so far; time 14.336000s; 955.64 records/s
2021-01-24 21:41:37,778 WARN com.marklogic.analyzer.Analyzer [pool-1-thread-5] Progress: 13800 results so far; time 14.342000s; 962.21 records/s
2021-01-24 21:41:37,826 WARN com.marklogic.analyzer.Analyzer [pool-1-thread-9] Progress: 13900 results so far; time 14.390000s; 965.95 records/s
2021-01-24 21:41:37,877 WARN com.marklogic.analyzer.Analyzer [pool-1-thread-10] Progress: 14000 results so far; time 14.441000s; 969.46 records/s
2021-01-24 21:41:38,041 WARN com.marklogic.analyzer.Analyzer [pool-1-thread-1] Progress: 14200 results so far; time 14.605000s; 972.27 records/s
2021-01-24 21:41:38,153 WARN com.marklogic.analyzer.Analyzer [pool-1-thread-4] Progress: 14400 results so far; time 14.717000s; 978.46 records/s
2021-01-24 21:41:38,291 WARN com.marklogic.analyzer.Analyzer [pool-1-thread-3] Progress: 14600 results so far; time 14.855000s; 982.83 records/s
2021-01-24 21:41:38,369 WARN com.marklogic.analyzer.Analyzer [pool-1-thread-5] Progress: 14800 results so far; time 14.932000s; 991.16 records/s
2021-01-24 21:41:38,482 WARN com.marklogic.analyzer.Analyzer [pool-1-thread-9] Progress: 14900 results so far; time 15.046000s; 990.3 records/s
2021-01-24 21:41:38,524 WARN com.marklogic.analyzer.Analyzer [pool-1-thread-10] Progress: 15000 results so far; time 15.088000s; 994.17 records/s
2021-01-24 21:41:38,604 WARN com.marklogic.analyzer.Analyzer [pool-1-thread-1] Progress: 15100 results so far; time 15.168000s; 995.52 records/s
2021-01-24 21:41:38,653 WARN com.marklogic.analyzer.Analyzer [pool-1-thread-2] Progress: 15200 results so far; time 15.216000s; 998.95 records/s
2021-01-24 21:41:38,705 WARN com.marklogic.analyzer.Analyzer [pool-1-thread-4] Progress: 15300 results so far; time 15.268000s; 1002.1 records/s
2021-01-24 21:41:38,761 WARN com.marklogic.analyzer.Analyzer [pool-1-thread-6] Progress: 15400 results so far; time 15.325000s; 1004.9 records/s
2021-01-24 21:41:38,830 WARN com.marklogic.analyzer.Analyzer [pool-1-thread-3] Progress: 15500 results so far; time 15.394000s; 1006.9 records/s
2021-01-24 21:41:38,857 WARN com.marklogic.analyzer.Analyzer [pool-1-thread-7] Progress: 15600 results so far; time 15.421000s; 1011.6 records/s
2021-01-24 21:41:38,898 WARN com.marklogic.analyzer.Analyzer [pool-1-thread-5] Progress: 15700 results so far; time 15.462000s; 1015.4 records/s
2021-01-24 21:41:38,916 WARN com.marklogic.analyzer.Analyzer [pool-1-thread-8] Progress: 15800 results so far; time 15.480000s; 1020.7 records/s
2021-01-24 21:41:38,974 WARN com.marklogic.analyzer.Analyzer [pool-1-thread-10] Progress: 16000 results so far; time 15.538000s; 1029.7 records/s
2021-01-24 21:41:39,055 WARN com.marklogic.analyzer.Analyzer [pool-1-thread-1] Progress: 16100 results so far; time 15.619000s; 1030.8 records/s
2021-01-24 21:41:39,121 WARN com.marklogic.analyzer.Analyzer [pool-1-thread-2] Progress: 16200 results so far; time 15.684000s; 1032.9 records/s
2021-01-24 21:41:39,138 WARN com.marklogic.analyzer.Analyzer [pool-1-thread-4] Progress: 16300 results so far; time 15.702000s; 1038.1 records/s
2021-01-24 21:41:39,179 WARN com.marklogic.analyzer.Analyzer [pool-1-thread-6] Progress: 16400 results so far; time 15.743000s; 1041.7 records/s
2021-01-24 21:41:39,291 WARN com.marklogic.analyzer.Analyzer [pool-1-thread-7] Progress: 16600 results so far; time 15.855000s; 1047.0 records/s
2021-01-24 21:41:39,369 WARN com.marklogic.analyzer.Analyzer [pool-1-thread-8] Progress: 16800 results so far; time 15.933000s; 1054.4 records/s
2021-01-24 21:41:39,444 WARN com.marklogic.analyzer.Analyzer [pool-1-thread-10] Progress: 16900 results so far; time 16.008000s; 1055.7 records/s
2021-01-24 21:41:39,453 WARN com.marklogic.analyzer.Analyzer [pool-1-thread-9] Progress: 17000 results so far; time 16.017000s; 1061.4 records/s
2021-01-24 21:41:39,532 WARN com.marklogic.analyzer.Analyzer [pool-1-thread-1] Progress: 17100 results so far; time 16.096000s; 1062.4 records/s
2021-01-24 21:41:39,567 WARN com.marklogic.analyzer.Analyzer [pool-1-thread-2] Progress: 17200 results so far; time 16.131000s; 1066.3 records/s
2021-01-24 21:41:39,594 WARN com.marklogic.analyzer.Analyzer [pool-1-thread-4] Progress: 17300 results so far; time 16.158000s; 1070.7 records/s
2021-01-24 21:41:39,636 WARN com.marklogic.analyzer.Analyzer [pool-1-thread-6] Progress: 17400 results so far; time 16.200000s; 1074.1 records/s
2021-01-24 21:41:39,734 WARN com.marklogic.analyzer.Analyzer [pool-1-thread-3] Progress: 17500 results so far; time 16.298000s; 1073.8 records/s
2021-01-24 21:41:39,781 WARN com.marklogic.analyzer.Analyzer [pool-1-thread-8] Progress: 17700 results so far; time 16.345000s; 1082.9 records/s
2021-01-24 21:41:39,824 WARN com.marklogic.analyzer.Analyzer [pool-1-thread-5] Progress: 17800 results so far; time 16.388000s; 1086.2 records/s
2021-01-24 21:41:39,891 WARN com.marklogic.analyzer.Analyzer [pool-1-thread-10] Progress: 17900 results so far; time 16.455000s; 1087.8 records/s
2021-01-24 21:41:39,973 WARN com.marklogic.analyzer.Analyzer [pool-1-thread-9] Progress: 18000 results so far; time 16.537000s; 1088.5 records/s
2021-01-24 21:41:40,085 WARN com.marklogic.analyzer.Analyzer [pool-1-thread-1] Progress: 18100 results so far; time 16.649000s; 1087.2 records/s
2021-01-24 21:41:40,153 WARN com.marklogic.analyzer.Analyzer [pool-1-thread-2] Progress: 18200 results so far; time 16.716000s; 1088.8 records/s
2021-01-24 21:41:40,233 WARN com.marklogic.analyzer.Analyzer [pool-1-thread-4] Progress: 18300 results so far; time 16.797000s; 1089.5 records/s
2021-01-24 21:41:40,297 WARN com.marklogic.analyzer.Analyzer [pool-1-thread-6] Progress: 18400 results so far; time 16.861000s; 1091.3 records/s
2021-01-24 21:41:40,377 WARN com.marklogic.analyzer.Analyzer [pool-1-thread-3] Progress: 18500 results so far; time 16.941000s; 1092.0 records/s
2021-01-24 21:41:40,421 WARN com.marklogic.analyzer.Analyzer [pool-1-thread-8] Progress: 18600 results so far; time 16.985000s; 1095.1 records/s
2021-01-24 21:41:40,939 WARN com.marklogic.analyzer.Analyzer [pool-1-thread-10] Progress: 18900 results so far; time 17.502000s; 1079.9 records/s
2021-01-24 21:41:41,074 WARN com.marklogic.analyzer.Analyzer [pool-1-thread-1] Progress: 19100 results so far; time 17.638000s; 1082.9 records/s
2021-01-24 21:41:41,137 WARN com.marklogic.analyzer.Analyzer [pool-1-thread-2] Progress: 19200 results so far; time 17.701000s; 1084.7 records/s
2021-01-24 21:41:41,181 WARN com.marklogic.analyzer.Analyzer [pool-1-thread-4] Progress: 19300 results so far; time 17.745000s; 1087.6 records/s
2021-01-24 21:41:41,249 WARN com.marklogic.analyzer.Analyzer [pool-1-thread-6] Progress: 19400 results so far; time 17.813000s; 1089.1 records/s
2021-01-24 21:41:41,394 WARN com.marklogic.analyzer.Analyzer [pool-1-thread-3] Progress: 19500 results so far; time 17.957000s; 1085.9 records/s
2021-01-24 21:41:41,404 WARN com.marklogic.analyzer.Analyzer [pool-1-thread-8] Progress: 19600 results so far; time 17.968000s; 1090.8 records/s
2021-01-24 21:41:41,431 WARN com.marklogic.analyzer.Analyzer [pool-1-thread-10] Progress: 19800 results so far; time 17.994000s; 1100.4 records/s
2021-01-24 21:41:41,605 WARN com.marklogic.analyzer.Analyzer [pool-1-thread-1] Progress: 20000 results so far; time 18.169000s; 1100.8 records/s
2021-01-24 21:41:41,690 WARN com.marklogic.analyzer.Analyzer [pool-1-thread-9] Progress: 20100 results so far; time 18.254000s; 1101.1 records/s
2021-01-24 21:41:41,733 WARN com.marklogic.analyzer.Analyzer [pool-1-thread-2] Progress: 20200 results so far; time 18.297000s; 1104.0 records/s
2021-01-24 21:41:41,770 WARN com.marklogic.analyzer.Analyzer [pool-1-thread-4] Progress: 20300 results so far; time 18.334000s; 1107.2 records/s
2021-01-24 21:41:41,791 WARN com.marklogic.analyzer.Analyzer [pool-1-thread-6] Progress: 20400 results so far; time 18.355000s; 1111.4 records/s
2021-01-24 21:41:41,841 WARN com.marklogic.analyzer.Analyzer [pool-1-thread-3] Progress: 20500 results so far; time 18.405000s; 1113.8 records/s
2021-01-24 21:41:41,858 WARN com.marklogic.analyzer.Analyzer [pool-1-thread-8] Progress: 20600 results so far; time 18.422000s; 1118.2 records/s
2021-01-24 21:41:41,887 WARN com.marklogic.analyzer.Analyzer [pool-1-thread-10] Progress: 20700 results so far; time 18.451000s; 1121.9 records/s
2021-01-24 21:41:41,966 WARN com.marklogic.analyzer.Analyzer [pool-1-thread-7] Progress: 20800 results so far; time 18.530000s; 1122.5 records/s
2021-01-24 21:41:42,051 WARN com.marklogic.analyzer.Analyzer [pool-1-thread-5] Progress: 21000 results so far; time 18.615000s; 1128.1 records/s
2021-01-24 21:41:42,148 WARN com.marklogic.analyzer.Analyzer [pool-1-thread-2] Progress: 21200 results so far; time 18.712000s; 1133.0 records/s
2021-01-24 21:41:42,242 WARN com.marklogic.analyzer.Analyzer [pool-1-thread-6] Progress: 21400 results so far; time 18.805000s; 1138.0 records/s
2021-01-24 21:41:42,300 WARN com.marklogic.analyzer.Analyzer [pool-1-thread-8] Progress: 21600 results so far; time 18.864000s; 1145.0 records/s
2021-01-24 21:41:42,367 WARN com.marklogic.analyzer.Analyzer [pool-1-thread-10] Progress: 21700 results so far; time 18.931000s; 1146.3 records/s
2021-01-24 21:41:42,374 WARN com.marklogic.analyzer.Analyzer [pool-1-thread-7] Progress: 21800 results so far; time 18.938000s; 1151.1 records/s
2021-01-24 21:41:42,522 WARN com.marklogic.analyzer.Analyzer [pool-1-thread-1] Progress: 21900 results so far; time 19.086000s; 1147.4 records/s
2021-01-24 21:41:42,557 WARN com.marklogic.analyzer.Analyzer [pool-1-thread-5] Progress: 22000 results so far; time 19.119000s; 1150.7 records/s
2021-01-24 21:41:42,582 WARN com.marklogic.analyzer.Analyzer [pool-1-thread-2] Progress: 22100 results so far; time 19.145000s; 1154.3 records/s
2021-01-24 21:41:42,689 WARN com.marklogic.analyzer.Analyzer [pool-1-thread-9] Progress: 22200 results so far; time 19.253000s; 1153.1 records/s
2021-01-24 21:41:42,764 WARN com.marklogic.analyzer.Analyzer [pool-1-thread-6] Progress: 22300 results so far; time 19.328000s; 1153.8 records/s
2021-01-24 21:41:42,770 WARN com.marklogic.analyzer.Analyzer [pool-1-thread-4] Progress: 22400 results so far; time 19.333000s; 1158.6 records/s
2021-01-24 21:41:42,819 WARN com.marklogic.analyzer.Analyzer [pool-1-thread-8] Progress: 22500 results so far; time 19.383000s; 1160.8 records/s
2021-01-24 21:41:42,822 WARN com.marklogic.analyzer.Analyzer [pool-1-thread-3] Progress: 22600 results so far; time 19.386000s; 1165.8 records/s
2021-01-24 21:41:42,887 WARN com.marklogic.analyzer.Analyzer [pool-1-thread-7] Progress: 22800 results so far; time 19.451000s; 1172.2 records/s
2021-01-24 21:41:43,009 WARN com.marklogic.analyzer.Analyzer [pool-1-thread-1] Progress: 22900 results so far; time 19.573000s; 1170.0 records/s
2021-01-24 21:41:43,060 WARN com.marklogic.analyzer.Analyzer [pool-1-thread-2] Progress: 23000 results so far; time 19.623000s; 1172.1 records/s
2021-01-24 21:41:43,067 WARN com.marklogic.analyzer.Analyzer [pool-1-thread-5] Progress: 23100 results so far; time 19.631000s; 1176.7 records/s
2021-01-24 21:41:43,149 WARN com.marklogic.analyzer.Analyzer [pool-1-thread-9] Progress: 23200 results so far; time 19.713000s; 1176.9 records/s
2021-01-24 21:41:43,213 WARN com.marklogic.analyzer.Analyzer [pool-1-thread-6] Progress: 23300 results so far; time 19.777000s; 1178.1 records/s
2021-01-24 21:41:43,226 WARN com.marklogic.analyzer.Analyzer [pool-1-thread-4] Progress: 23400 results so far; time 19.790000s; 1182.4 records/s
2021-01-24 21:41:43,261 WARN com.marklogic.analyzer.Analyzer [pool-1-thread-8] Progress: 23500 results so far; time 19.825000s; 1185.4 records/s
2021-01-24 21:41:43,276 WARN com.marklogic.analyzer.Analyzer [pool-1-thread-3] Progress: 23600 results so far; time 19.839000s; 1189.6 records/s
2021-01-24 21:41:43,340 WARN com.marklogic.analyzer.Analyzer [pool-1-thread-7] Progress: 23700 results so far; time 19.904000s; 1190.7 records/s
2021-01-24 21:41:43,349 WARN com.marklogic.analyzer.Analyzer [pool-1-thread-10] Progress: 23800 results so far; time 19.912000s; 1195.3 records/s
2021-01-24 21:41:43,427 WARN com.marklogic.analyzer.Analyzer [pool-1-thread-1] Progress: 23900 results so far; time 19.991000s; 1195.5 records/s
2021-01-24 21:41:43,491 WARN com.marklogic.analyzer.Analyzer [pool-1-thread-2] Progress: 24000 results so far; time 20.055000s; 1196.7 records/s
2021-01-24 21:41:43,507 WARN com.marklogic.analyzer.Analyzer [pool-1-thread-5] Progress: 24100 results so far; time 20.071000s; 1200.7 records/s
2021-01-24 21:41:43,595 WARN com.marklogic.analyzer.Analyzer [pool-1-thread-9] Progress: 24200 results so far; time 20.159000s; 1200.5 records/s
2021-01-24 21:41:43,621 WARN com.marklogic.analyzer.Analyzer [pool-1-thread-6] Progress: 24300 results so far; time 20.185000s; 1203.9 records/s
2021-01-24 21:41:43,662 WARN com.marklogic.analyzer.Analyzer [pool-1-thread-4] Progress: 24400 results so far; time 20.226000s; 1206.4 records/s
2021-01-24 21:41:43,675 WARN com.marklogic.analyzer.Analyzer [pool-1-thread-8] Progress: 24500 results so far; time 20.238000s; 1210.6 records/s
2021-01-24 21:41:43,716 WARN com.marklogic.analyzer.Analyzer [pool-1-thread-3] Progress: 24600 results so far; time 20.280000s; 1213.0 records/s
2021-01-24 21:41:43,771 WARN com.marklogic.analyzer.Analyzer [pool-1-thread-10] Progress: 24800 results so far; time 20.335000s; 1219.6 records/s
2021-01-24 21:41:43,886 WARN com.marklogic.analyzer.Analyzer [pool-1-thread-1] Progress: 24900 results so far; time 20.450000s; 1217.6 records/s
2021-01-24 21:41:43,938 WARN com.marklogic.analyzer.Analyzer [pool-1-thread-2] Progress: 25100 results so far; time 20.502000s; 1224.3 records/s
2021-01-24 21:41:44,048 WARN com.marklogic.analyzer.Analyzer [pool-1-thread-6] Progress: 25300 results so far; time 20.611000s; 1227.5 records/s
2021-01-24 21:41:44,131 WARN com.marklogic.analyzer.Analyzer [pool-1-thread-8] Progress: 25500 results so far; time 20.694000s; 1232.2 records/s
2021-01-24 21:41:44,197 WARN com.marklogic.analyzer.Analyzer [pool-1-thread-3] Progress: 25600 results so far; time 20.761000s; 1233.1 records/s
2021-01-24 21:41:44,234 WARN com.marklogic.analyzer.Analyzer [pool-1-thread-10] Progress: 25700 results so far; time 20.798000s; 1235.7 records/s
2021-01-24 21:41:44,252 WARN com.marklogic.analyzer.Analyzer [pool-1-thread-7] Progress: 25800 results so far; time 20.815000s; 1239.5 records/s
2021-01-24 21:41:44,424 WARN com.marklogic.analyzer.Analyzer [pool-1-thread-1] Progress: 25900 results so far; time 20.988000s; 1234.0 records/s
2021-01-24 21:41:44,489 WARN com.marklogic.analyzer.Analyzer [pool-1-thread-2] Progress: 26000 results so far; time 21.053000s; 1235.0 records/s
2021-01-24 21:41:44,571 WARN com.marklogic.analyzer.Analyzer [pool-1-thread-5] Progress: 26100 results so far; time 21.135000s; 1234.9 records/s
2021-01-24 21:41:44,604 WARN com.marklogic.analyzer.Analyzer [pool-1-thread-6] Progress: 26200 results so far; time 21.168000s; 1237.7 records/s
2021-01-24 21:41:44,733 WARN com.marklogic.analyzer.Analyzer [pool-1-thread-9] Progress: 26300 results so far; time 21.297000s; 1234.9 records/s
2021-01-24 21:41:44,777 WARN com.marklogic.analyzer.Analyzer [pool-1-thread-8] Progress: 26400 results so far; time 21.341000s; 1237.1 records/s
2021-01-24 21:41:44,901 WARN com.marklogic.analyzer.Analyzer [pool-1-thread-4] Progress: 26500 results so far; time 21.465000s; 1234.6 records/s
2021-01-24 21:41:45,420 WARN com.marklogic.analyzer.Analyzer [pool-1-thread-10] Progress: 26700 results so far; time 21.984000s; 1214.5 records/s
2021-01-24 21:41:45,465 WARN com.marklogic.analyzer.Analyzer [pool-1-thread-7] Progress: 26800 results so far; time 22.029000s; 1216.6 records/s
2021-01-24 21:41:45,536 WARN com.marklogic.analyzer.Analyzer [pool-1-thread-2] Progress: 27000 results so far; time 22.099000s; 1221.8 records/s
2021-01-24 21:41:45,690 WARN com.marklogic.analyzer.Analyzer [pool-1-thread-6] Progress: 27200 results so far; time 22.254000s; 1222.3 records/s
2021-01-24 21:41:45,731 WARN com.marklogic.analyzer.Analyzer [pool-1-thread-8] Progress: 27400 results so far; time 22.295000s; 1229.0 records/s
2021-01-24 21:41:45,814 WARN com.marklogic.analyzer.Analyzer [pool-1-thread-4] Progress: 27500 results so far; time 22.377000s; 1228.9 records/s
2021-01-24 21:41:45,860 WARN com.marklogic.analyzer.Analyzer [pool-1-thread-10] Progress: 27600 results so far; time 22.424000s; 1230.8 records/s
2021-01-24 21:41:45,927 WARN com.marklogic.analyzer.Analyzer [pool-1-thread-7] Progress: 27800 results so far; time 22.491000s; 1236.0 records/s
2021-01-24 21:41:46,054 WARN com.marklogic.analyzer.Analyzer [pool-1-thread-1] Progress: 27900 results so far; time 22.618000s; 1233.5 records/s
2021-01-24 21:41:46,074 WARN com.marklogic.analyzer.Analyzer [pool-1-thread-2] Progress: 28000 results so far; time 22.638000s; 1236.9 records/s
2021-01-24 21:41:46,167 WARN com.marklogic.analyzer.Analyzer [pool-1-thread-6] Progress: 28100 results so far; time 22.731000s; 1236.2 records/s
2021-01-24 21:41:46,188 WARN com.marklogic.analyzer.Analyzer [pool-1-thread-5] Progress: 28200 results so far; time 22.752000s; 1239.5 records/s
2021-01-24 21:41:46,221 WARN com.marklogic.analyzer.Analyzer [pool-1-thread-8] Progress: 28300 results so far; time 22.785000s; 1242.0 records/s
2021-01-24 21:41:46,275 WARN com.marklogic.analyzer.Analyzer [pool-1-thread-9] Progress: 28400 results so far; time 22.839000s; 1243.5 records/s
2021-01-24 21:41:46,348 WARN com.marklogic.analyzer.Analyzer [pool-1-thread-4] Progress: 28500 results so far; time 22.912000s; 1243.9 records/s
2021-01-24 21:41:46,369 WARN com.marklogic.analyzer.Analyzer [pool-1-thread-10] Progress: 28600 results so far; time 22.932000s; 1247.2 records/s
2021-01-24 21:41:46,437 WARN com.marklogic.analyzer.Analyzer [pool-1-thread-7] Progress: 28700 results so far; time 22.999000s; 1247.9 records/s
2021-01-24 21:41:46,463 WARN com.marklogic.analyzer.Analyzer [pool-1-thread-3] Progress: 28800 results so far; time 23.026000s; 1250.8 records/s
2021-01-24 21:41:46,584 WARN com.marklogic.analyzer.Analyzer [pool-1-thread-1] Progress: 28900 results so far; time 23.148000s; 1248.5 records/s
2021-01-24 21:41:46,644 WARN com.marklogic.analyzer.Analyzer [pool-1-thread-2] Progress: 29000 results so far; time 23.207000s; 1249.6 records/s
2021-01-24 21:41:46,677 WARN com.marklogic.analyzer.Analyzer [pool-1-thread-6] Progress: 29100 results so far; time 23.241000s; 1252.1 records/s
2021-01-24 21:41:46,732 WARN com.marklogic.analyzer.Analyzer [pool-1-thread-5] Progress: 29200 results so far; time 23.296000s; 1253.4 records/s
2021-01-24 21:41:46,754 WARN com.marklogic.analyzer.Analyzer [pool-1-thread-8] Progress: 29300 results so far; time 23.318000s; 1256.5 records/s
2021-01-24 21:41:46,798 WARN com.marklogic.analyzer.Analyzer [pool-1-thread-4] Progress: 29500 results so far; time 23.362000s; 1262.7 records/s
2021-01-24 21:41:46,890 WARN com.marklogic.analyzer.Analyzer [pool-1-thread-7] Progress: 29700 results so far; time 23.454000s; 1266.3 records/s
2021-01-24 21:41:46,921 WARN com.marklogic.analyzer.Analyzer [pool-1-thread-3] Progress: 29800 results so far; time 23.485000s; 1268.9 records/s
2021-01-24 21:41:46,993 WARN com.marklogic.analyzer.Analyzer [pool-1-thread-1] Progress: 29900 results so far; time 23.557000s; 1269.3 records/s
2021-01-24 21:41:47,101 WARN com.marklogic.analyzer.Analyzer [pool-1-thread-2] Progress: 30000 results so far; time 23.665000s; 1267.7 records/s
2021-01-24 21:41:47,140 WARN com.marklogic.analyzer.Analyzer [pool-1-thread-6] Progress: 30100 results so far; time 23.704000s; 1269.8 records/s
2021-01-24 21:41:47,205 WARN com.marklogic.analyzer.Analyzer [pool-1-thread-8] Progress: 30300 results so far; time 23.768000s; 1274.8 records/s
2021-01-24 21:41:47,311 WARN com.marklogic.analyzer.Analyzer [pool-1-thread-9] Progress: 30500 results so far; time 23.875000s; 1277.5 records/s
2021-01-24 21:41:47,385 WARN com.marklogic.analyzer.Analyzer [pool-1-thread-10] Progress: 30600 results so far; time 23.948000s; 1277.8 records/s
2021-01-24 21:41:47,525 WARN com.marklogic.analyzer.Analyzer [pool-1-thread-3] Progress: 30800 results so far; time 24.089000s; 1278.6 records/s
2021-01-24 21:41:47,560 WARN com.marklogic.analyzer.Analyzer [pool-1-thread-1] Progress: 30900 results so far; time 24.124000s; 1280.9 records/s
2021-01-24 21:41:47,584 WARN com.marklogic.analyzer.Analyzer [pool-1-thread-2] Progress: 31000 results so far; time 24.148000s; 1283.8 records/s
2021-01-24 21:41:47,671 WARN com.marklogic.analyzer.Analyzer [pool-1-thread-6] Progress: 31100 results so far; time 24.235000s; 1283.3 records/s
2021-01-24 21:41:47,681 WARN com.marklogic.analyzer.Analyzer [pool-1-thread-8] Progress: 31200 results so far; time 24.244000s; 1286.9 records/s
2021-01-24 21:41:47,728 WARN com.marklogic.analyzer.Analyzer [pool-1-thread-5] Progress: 31300 results so far; time 24.291000s; 1288.5 records/s
2021-01-24 21:41:47,746 WARN com.marklogic.analyzer.Analyzer [pool-1-thread-9] Progress: 31400 results so far; time 24.310000s; 1291.6 records/s
2021-01-24 21:41:47,822 WARN com.marklogic.analyzer.Analyzer [pool-1-thread-4] Progress: 31500 results so far; time 24.386000s; 1291.7 records/s
2021-01-24 21:41:47,870 WARN com.marklogic.analyzer.Analyzer [pool-1-thread-10] Progress: 31600 results so far; time 24.434000s; 1293.3 records/s
2021-01-24 21:41:47,989 WARN com.marklogic.analyzer.Analyzer [pool-1-thread-7] Progress: 31800 results so far; time 24.552000s; 1295.2 records/s
2021-01-24 21:41:48,039 WARN com.marklogic.analyzer.Analyzer [pool-1-thread-1] Progress: 31900 results so far; time 24.603000s; 1296.6 records/s
2021-01-24 21:41:48,048 WARN com.marklogic.analyzer.Analyzer [pool-1-thread-2] Progress: 32000 results so far; time 24.612000s; 1300.2 records/s
2021-01-24 21:41:48,109 WARN com.marklogic.analyzer.Analyzer [pool-1-thread-8] Progress: 32200 results so far; time 24.673000s; 1305.1 records/s
2021-01-24 21:41:48,181 WARN com.marklogic.analyzer.Analyzer [pool-1-thread-5] Progress: 32300 results so far; time 24.745000s; 1305.3 records/s
2021-01-24 21:41:48,199 WARN com.marklogic.analyzer.Analyzer [pool-1-thread-9] Progress: 32400 results so far; time 24.762000s; 1308.5 records/s
2021-01-24 21:41:48,337 WARN com.marklogic.analyzer.Analyzer [pool-1-thread-10] Progress: 32600 results so far; time 24.901000s; 1309.2 records/s
2021-01-24 21:41:48,461 WARN com.marklogic.analyzer.Analyzer [pool-1-thread-7] Progress: 32800 results so far; time 25.025000s; 1310.7 records/s
2021-01-24 21:41:48,576 WARN com.marklogic.analyzer.Analyzer [pool-1-thread-1] Progress: 32900 results so far; time 25.140000s; 1308.7 records/s
2021-01-24 21:41:48,619 WARN com.marklogic.analyzer.Analyzer [pool-1-thread-2] Progress: 33000 results so far; time 25.182000s; 1310.5 records/s
2021-01-24 21:41:48,646 WARN com.marklogic.analyzer.Analyzer [pool-1-thread-8] Progress: 33100 results so far; time 25.210000s; 1313.0 records/s
2021-01-24 21:41:48,646 WARN com.marklogic.analyzer.Analyzer [pool-1-thread-6] Progress: 33200 results so far; time 25.210000s; 1316.9 records/s
2021-01-24 21:41:48,716 WARN com.marklogic.analyzer.Analyzer [pool-1-thread-5] Progress: 33300 results so far; time 25.280000s; 1317.2 records/s
2021-01-24 21:41:48,945 WARN com.marklogic.analyzer.Analyzer [pool-1-thread-9] Progress: 33400 results so far; time 25.509000s; 1309.3 records/s
2021-01-24 21:41:48,988 WARN com.marklogic.analyzer.Analyzer [pool-1-thread-10] Progress: 33500 results so far; time 25.552000s; 1311.1 records/s
2021-01-24 21:41:49,033 WARN com.marklogic.analyzer.Analyzer [pool-1-thread-7] Progress: 33600 results so far; time 25.596000s; 1312.7 records/s
2021-01-24 21:41:49,058 WARN com.marklogic.analyzer.Analyzer [pool-1-thread-4] Progress: 33700 results so far; time 25.622000s; 1315.3 records/s
2021-01-24 21:41:49,087 WARN com.marklogic.analyzer.Analyzer [pool-1-thread-1] Progress: 33800 results so far; time 25.651000s; 1317.7 records/s
2021-01-24 21:41:49,125 WARN com.marklogic.analyzer.Analyzer [pool-1-thread-3] Progress: 33900 results so far; time 25.689000s; 1319.6 records/s
2021-01-24 21:41:49,140 WARN com.marklogic.analyzer.Analyzer [pool-1-thread-2] Progress: 34000 results so far; time 25.704000s; 1322.8 records/s
2021-01-24 21:41:49,154 WARN com.marklogic.analyzer.Analyzer [pool-1-thread-8] Progress: 34100 results so far; time 25.717000s; 1326.0 records/s
2021-01-24 21:41:49,217 WARN com.marklogic.analyzer.Analyzer [pool-1-thread-6] Progress: 34200 results so far; time 25.781000s; 1326.6 records/s
2021-01-24 21:41:49,270 WARN com.marklogic.analyzer.Analyzer [pool-1-thread-5] Progress: 34300 results so far; time 25.834000s; 1327.7 records/s
2021-01-24 21:41:49,403 WARN com.marklogic.analyzer.Analyzer [pool-1-thread-9] Progress: 34400 results so far; time 25.967000s; 1324.8 records/s
2021-01-24 21:41:49,426 WARN com.marklogic.analyzer.Analyzer [pool-1-thread-10] Progress: 34500 results so far; time 25.990000s; 1327.4 records/s
2021-01-24 21:41:49,458 WARN com.marklogic.analyzer.Analyzer [pool-1-thread-7] Progress: 34600 results so far; time 26.022000s; 1329.6 records/s
2021-01-24 21:41:49,501 WARN com.marklogic.analyzer.Analyzer [pool-1-thread-4] Progress: 34700 results so far; time 26.065000s; 1331.3 records/s
2021-01-24 21:41:49,525 WARN com.marklogic.analyzer.Analyzer [pool-1-thread-1] Progress: 34800 results so far; time 26.089000s; 1333.9 records/s
2021-01-24 21:41:49,560 WARN com.marklogic.analyzer.Analyzer [pool-1-thread-3] Progress: 34900 results so far; time 26.124000s; 1335.9 records/s
2021-01-24 21:41:49,603 WARN com.marklogic.analyzer.Analyzer [pool-1-thread-2] Progress: 35000 results so far; time 26.167000s; 1337.6 records/s
2021-01-24 21:41:49,660 WARN com.marklogic.analyzer.Analyzer [pool-1-thread-8] Progress: 35100 results so far; time 26.224000s; 1338.5 records/s
2021-01-24 21:41:49,715 WARN com.marklogic.analyzer.Analyzer [pool-1-thread-6] Progress: 35200 results so far; time 26.278000s; 1339.5 records/s
2021-01-24 21:41:49,779 WARN com.marklogic.analyzer.Analyzer [pool-1-thread-5] Progress: 35300 results so far; time 26.342000s; 1340.1 records/s
2021-01-24 21:41:49,867 WARN com.marklogic.analyzer.Analyzer [pool-1-thread-10] Progress: 35400 results so far; time 26.431000s; 1339.3 records/s
2021-01-24 21:41:49,871 WARN com.marklogic.analyzer.Analyzer [pool-1-thread-9] Progress: 35500 results so far; time 26.435000s; 1342.9 records/s
2021-01-24 21:41:49,908 WARN com.marklogic.analyzer.Analyzer [pool-1-thread-7] Progress: 35600 results so far; time 26.472000s; 1344.8 records/s
2021-01-24 21:41:49,925 WARN com.marklogic.analyzer.Analyzer [pool-1-thread-4] Progress: 35700 results so far; time 26.489000s; 1347.7 records/s
2021-01-24 21:41:49,981 WARN com.marklogic.analyzer.Analyzer [pool-1-thread-3] Progress: 35900 results so far; time 26.544000s; 1352.5 records/s
2021-01-24 21:41:50,079 WARN com.marklogic.analyzer.Analyzer [pool-1-thread-2] Progress: 36000 results so far; time 26.643000s; 1351.2 records/s
2021-01-24 21:41:50,091 WARN com.marklogic.analyzer.Analyzer [pool-1-thread-8] Progress: 36100 results so far; time 26.655000s; 1354.3 records/s
2021-01-24 21:41:50,169 WARN com.marklogic.analyzer.Analyzer [pool-1-thread-6] Progress: 36200 results so far; time 26.733000s; 1354.1 records/s
2021-01-24 21:41:50,250 WARN com.marklogic.analyzer.Analyzer [pool-1-thread-5] Progress: 36300 results so far; time 26.813000s; 1353.8 records/s
2021-01-24 21:41:50,328 WARN com.marklogic.analyzer.Analyzer [pool-1-thread-9] Progress: 36400 results so far; time 26.892000s; 1353.6 records/s
2021-01-24 21:41:50,340 WARN com.marklogic.analyzer.Analyzer [pool-1-thread-10] Progress: 36500 results so far; time 26.904000s; 1356.7 records/s
2021-01-24 21:41:50,434 WARN com.marklogic.analyzer.Analyzer [pool-1-thread-7] Progress: 36700 results so far; time 26.998000s; 1359.4 records/s
2021-01-24 21:41:50,455 WARN com.marklogic.analyzer.Analyzer [pool-1-thread-3] Progress: 36900 results so far; time 27.019000s; 1365.7 records/s
2021-01-24 21:41:50,561 WARN com.marklogic.analyzer.Analyzer [pool-1-thread-2] Progress: 37000 results so far; time 27.125000s; 1364.1 records/s
2021-01-24 21:41:50,575 WARN com.marklogic.analyzer.Analyzer [pool-1-thread-8] Progress: 37100 results so far; time 27.138000s; 1367.1 records/s
2021-01-24 21:41:50,609 WARN com.marklogic.analyzer.Analyzer [pool-1-thread-6] Progress: 37200 results so far; time 27.173000s; 1369.0 records/s
2021-01-24 21:41:50,697 WARN com.marklogic.analyzer.Analyzer [pool-1-thread-5] Progress: 37300 results so far; time 27.261000s; 1368.3 records/s
2021-01-24 21:41:50,748 WARN com.marklogic.analyzer.Analyzer [pool-1-thread-9] Progress: 37400 results so far; time 27.312000s; 1369.4 records/s
2021-01-24 21:41:50,823 WARN com.marklogic.analyzer.Analyzer [pool-1-thread-10] Progress: 37500 results so far; time 27.386000s; 1369.3 records/s
2021-01-24 21:41:50,879 WARN com.marklogic.analyzer.Analyzer [pool-1-thread-4] Progress: 37600 results so far; time 27.443000s; 1370.1 records/s
2021-01-24 21:41:50,891 WARN com.marklogic.analyzer.Analyzer [pool-1-thread-7] Progress: 37700 results so far; time 27.455000s; 1373.2 records/s
2021-01-24 21:41:50,974 WARN com.marklogic.analyzer.Analyzer [pool-1-thread-1] Progress: 37900 results so far; time 27.537000s; 1376.3 records/s
2021-01-24 21:41:51,009 WARN com.marklogic.analyzer.Analyzer [pool-1-thread-2] Progress: 38000 results so far; time 27.573000s; 1378.2 records/s
2021-01-24 21:41:51,027 WARN com.marklogic.analyzer.Analyzer [pool-1-thread-8] Progress: 38100 results so far; time 27.591000s; 1380.9 records/s
2021-01-24 21:41:51,055 WARN com.marklogic.analyzer.Analyzer [pool-1-thread-6] Progress: 38200 results so far; time 27.619000s; 1383.1 records/s
2021-01-24 21:41:51,146 WARN com.marklogic.analyzer.Analyzer [pool-1-thread-5] Progress: 38300 results so far; time 27.710000s; 1382.2 records/s
2021-01-24 21:41:51,241 WARN com.marklogic.analyzer.Analyzer [pool-1-thread-9] Progress: 38400 results so far; time 27.805000s; 1381.0 records/s
2021-01-24 21:41:51,254 WARN com.marklogic.analyzer.Analyzer [pool-1-thread-10] Progress: 38500 results so far; time 27.818000s; 1384.0 records/s
2021-01-24 21:41:51,317 WARN com.marklogic.analyzer.Analyzer [pool-1-thread-7] Progress: 38700 results so far; time 27.881000s; 1388.0 records/s
2021-01-24 21:41:51,463 WARN com.marklogic.analyzer.Analyzer [pool-1-thread-3] Progress: 38900 results so far; time 28.027000s; 1387.9 records/s
2021-01-24 21:41:51,651 WARN com.marklogic.analyzer.Analyzer [pool-1-thread-8] Progress: 39100 results so far; time 28.215000s; 1385.8 records/s
2021-01-24 21:41:51,831 WARN com.marklogic.analyzer.Analyzer [pool-1-thread-5] Progress: 39300 results so far; time 28.395000s; 1384.0 records/s
2021-01-24 21:41:51,993 WARN com.marklogic.analyzer.Analyzer [pool-1-thread-9] Progress: 39400 results so far; time 28.557000s; 1379.7 records/s
2021-01-24 21:41:53,135 WARN com.marklogic.analyzer.Analyzer [pool-1-thread-10] Progress: 39500 results so far; time 29.699000s; 1330.0 records/s
2021-01-24 21:41:53,236 WARN com.marklogic.analyzer.Analyzer [pool-1-thread-7] Progress: 39600 results so far; time 29.800000s; 1328.9 records/s
2021-01-24 21:41:53,422 WARN com.marklogic.analyzer.Analyzer [pool-1-thread-3] Progress: 39700 results so far; time 29.986000s; 1324.0 records/s
2021-01-24 21:41:53,494 WARN com.marklogic.analyzer.Analyzer [pool-1-thread-4] Progress: 39800 results so far; time 30.058000s; 1324.1 records/s
2021-01-24 21:41:53,579 WARN com.marklogic.analyzer.Analyzer [pool-1-thread-8] Progress: 39900 results so far; time 30.143000s; 1323.7 records/s
2021-01-24 21:41:53,678 WARN com.marklogic.analyzer.Analyzer [pool-1-thread-1] Progress: 40000 results so far; time 30.242000s; 1322.7 records/s
2021-01-24 21:41:53,755 WARN com.marklogic.analyzer.Analyzer [pool-1-thread-2] Progress: 40100 results so far; time 30.319000s; 1322.6 records/s
2021-01-24 21:41:53,818 WARN com.marklogic.analyzer.Analyzer [pool-1-thread-5] Progress: 40200 results so far; time 30.382000s; 1323.2 records/s
2021-01-24 21:41:53,850 WARN com.marklogic.analyzer.Analyzer [pool-1-thread-6] Progress: 40300 results so far; time 30.414000s; 1325.0 records/s
2021-01-24 21:41:53,933 WARN com.marklogic.analyzer.Analyzer [pool-1-thread-9] Progress: 40400 results so far; time 30.496000s; 1324.8 records/s
2021-01-24 21:41:53,945 WARN com.marklogic.analyzer.Analyzer [pool-1-thread-10] Progress: 40500 results so far; time 30.509000s; 1327.5 records/s
2021-01-24 21:41:53,998 WARN com.marklogic.analyzer.Analyzer [pool-1-thread-7] Progress: 40600 results so far; time 30.561000s; 1328.5 records/s
2021-01-24 21:41:54,014 WARN com.marklogic.analyzer.Analyzer [pool-1-thread-3] Progress: 40700 results so far; time 30.578000s; 1331.0 records/s
2021-01-24 21:41:54,019 WARN com.marklogic.analyzer.Analyzer [pool-1-thread-4] Progress: 40800 results so far; time 30.582000s; 1334.1 records/s
2021-01-24 21:41:54,059 WARN com.marklogic.analyzer.Analyzer [pool-1-thread-8] Progress: 40900 results so far; time 30.623000s; 1335.6 records/s
2021-01-24 21:41:54,162 WARN com.marklogic.analyzer.Analyzer [pool-1-thread-1] Progress: 41000 results so far; time 30.726000s; 1334.4 records/s
2021-01-24 21:41:54,228 WARN com.marklogic.analyzer.Analyzer [pool-1-thread-2] Progress: 41100 results so far; time 30.792000s; 1334.8 records/s
2021-01-24 21:41:54,261 WARN com.marklogic.analyzer.Analyzer [pool-1-thread-5] Progress: 41200 results so far; time 30.824000s; 1336.6 records/s
2021-01-24 21:41:54,334 WARN com.marklogic.analyzer.Analyzer [pool-1-thread-6] Progress: 41300 results so far; time 30.898000s; 1336.7 records/s
2021-01-24 21:41:54,387 WARN com.marklogic.analyzer.Analyzer [pool-1-thread-9] Progress: 41400 results so far; time 30.951000s; 1337.6 records/s
2021-01-24 21:41:54,412 WARN com.marklogic.analyzer.Analyzer [pool-1-thread-10] Progress: 41500 results so far; time 30.976000s; 1339.7 records/s
2021-01-24 21:41:54,438 WARN com.marklogic.analyzer.Analyzer [pool-1-thread-3] Progress: 41700 results so far; time 31.002000s; 1345.1 records/s
2021-01-24 21:41:54,512 WARN com.marklogic.analyzer.Analyzer [pool-1-thread-4] Progress: 41800 results so far; time 31.076000s; 1345.1 records/s
2021-01-24 21:41:54,518 WARN com.marklogic.analyzer.Analyzer [pool-1-thread-8] Progress: 41900 results so far; time 31.082000s; 1348.0 records/s
2021-01-24 21:41:54,657 WARN com.marklogic.analyzer.Analyzer [pool-1-thread-1] Progress: 42000 results so far; time 31.221000s; 1345.2 records/s
2021-01-24 21:41:54,751 WARN com.marklogic.analyzer.Analyzer [pool-1-thread-2] Progress: 42100 results so far; time 31.315000s; 1344.4 records/s
2021-01-24 21:41:54,815 WARN com.marklogic.analyzer.Analyzer [pool-1-thread-6] Progress: 42300 results so far; time 31.379000s; 1348.0 records/s
2021-01-24 21:41:54,878 WARN com.marklogic.analyzer.Analyzer [pool-1-thread-9] Progress: 42400 results so far; time 31.442000s; 1348.5 records/s
2021-01-24 21:41:54,903 WARN com.marklogic.analyzer.Analyzer [pool-1-thread-3] Progress: 42600 results so far; time 31.466000s; 1353.8 records/s
2021-01-24 21:41:54,918 WARN com.marklogic.analyzer.Analyzer [pool-1-thread-7] Progress: 42700 results so far; time 31.482000s; 1356.3 records/s
2021-01-24 21:41:54,952 WARN com.marklogic.analyzer.Analyzer [pool-1-thread-4] Progress: 42800 results so far; time 31.516000s; 1358.0 records/s
2021-01-24 21:41:55,012 WARN com.marklogic.analyzer.Analyzer [pool-1-thread-8] Progress: 42900 results so far; time 31.576000s; 1358.6 records/s
2021-01-24 21:41:55,121 WARN com.marklogic.analyzer.Analyzer [pool-1-thread-1] Progress: 43000 results so far; time 31.685000s; 1357.1 records/s
2021-01-24 21:41:55,194 WARN com.marklogic.analyzer.Analyzer [pool-1-thread-2] Progress: 43100 results so far; time 31.758000s; 1357.1 records/s
2021-01-24 21:41:55,228 WARN com.marklogic.analyzer.Analyzer [pool-1-thread-6] Progress: 43200 results so far; time 31.791000s; 1358.9 records/s
2021-01-24 21:41:55,261 WARN com.marklogic.analyzer.Analyzer [pool-1-thread-5] Progress: 43300 results so far; time 31.824000s; 1360.6 records/s
2021-01-24 21:41:55,317 WARN com.marklogic.analyzer.Analyzer [pool-1-thread-9] Progress: 43400 results so far; time 31.881000s; 1361.3 records/s
2021-01-24 21:41:55,355 WARN com.marklogic.analyzer.Analyzer [pool-1-thread-3] Progress: 43500 results so far; time 31.919000s; 1362.8 records/s
2021-01-24 21:41:55,488 WARN com.marklogic.analyzer.Analyzer [pool-1-thread-10] Progress: 43600 results so far; time 32.052000s; 1360.3 records/s
2021-01-24 21:41:55,496 WARN com.marklogic.analyzer.Analyzer [pool-1-thread-7] Progress: 43700 results so far; time 32.060000s; 1363.1 records/s
2021-01-24 21:41:55,632 WARN com.marklogic.analyzer.Analyzer [pool-1-thread-4] Progress: 43800 results so far; time 32.196000s; 1360.4 records/s
2021-01-24 21:41:55,645 WARN com.marklogic.analyzer.Analyzer [pool-1-thread-8] Progress: 43900 results so far; time 32.209000s; 1363.0 records/s
2021-01-24 21:41:55,801 WARN com.marklogic.analyzer.Analyzer [pool-1-thread-1] Progress: 44000 results so far; time 32.365000s; 1359.5 records/s
2021-01-24 21:41:55,803 WARN com.marklogic.analyzer.Analyzer [pool-1-thread-2] Progress: 44100 results so far; time 32.366000s; 1362.5 records/s
2021-01-24 21:41:55,924 WARN com.marklogic.analyzer.Analyzer [pool-1-thread-6] Progress: 44200 results so far; time 32.488000s; 1360.5 records/s
2021-01-24 21:41:55,936 WARN com.marklogic.analyzer.Analyzer [pool-1-thread-5] Progress: 44300 results so far; time 32.500000s; 1363.1 records/s
2021-01-24 21:41:56,005 WARN com.marklogic.analyzer.Analyzer [pool-1-thread-9] Progress: 44400 results so far; time 32.568000s; 1363.3 records/s
2021-01-24 21:41:56,513 WARN com.marklogic.analyzer.Analyzer [pool-1-thread-3] Progress: 44500 results so far; time 33.077000s; 1345.3 records/s
2021-01-24 21:41:56,519 WARN com.marklogic.analyzer.Analyzer [pool-1-thread-10] Progress: 44600 results so far; time 33.082000s; 1348.2 records/s
2021-01-24 21:41:56,570 WARN com.marklogic.analyzer.Analyzer [pool-1-thread-7] Progress: 44700 results so far; time 33.134000s; 1349.1 records/s
2021-01-24 21:41:56,591 WARN com.marklogic.analyzer.Analyzer [pool-1-thread-4] Progress: 44800 results so far; time 33.155000s; 1351.2 records/s
2021-01-24 21:41:56,628 WARN com.marklogic.analyzer.Analyzer [pool-1-thread-8] Progress: 44900 results so far; time 33.191000s; 1352.8 records/s
2021-01-24 21:41:56,663 WARN com.marklogic.analyzer.Analyzer [pool-1-thread-2] Progress: 45100 results so far; time 33.227000s; 1357.3 records/s
2021-01-24 21:41:56,698 WARN com.marklogic.analyzer.Analyzer [pool-1-thread-6] Progress: 45200 results so far; time 33.262000s; 1358.9 records/s
2021-01-24 21:41:56,808 WARN com.marklogic.analyzer.Analyzer [pool-1-thread-9] Progress: 45400 results so far; time 33.372000s; 1360.4 records/s
2021-01-24 21:41:56,999 WARN com.marklogic.analyzer.Analyzer [pool-1-thread-3] Progress: 45500 results so far; time 33.563000s; 1355.7 records/s
2021-01-24 21:41:57,023 WARN com.marklogic.analyzer.Analyzer [pool-1-thread-10] Progress: 45600 results so far; time 33.587000s; 1357.7 records/s
2021-01-24 21:41:57,098 WARN com.marklogic.analyzer.Analyzer [pool-1-thread-7] Progress: 45800 results so far; time 33.662000s; 1360.6 records/s
2021-01-24 21:41:57,139 WARN com.marklogic.analyzer.Analyzer [pool-1-thread-2] Progress: 46000 results so far; time 33.702000s; 1364.9 records/s
2021-01-24 21:41:57,206 WARN com.marklogic.analyzer.Analyzer [pool-1-thread-1] Progress: 46100 results so far; time 33.770000s; 1365.1 records/s
2021-01-24 21:41:57,260 WARN com.marklogic.analyzer.Analyzer [pool-1-thread-6] Progress: 46200 results so far; time 33.824000s; 1365.9 records/s
2021-01-24 21:41:57,273 WARN com.marklogic.analyzer.Analyzer [pool-1-thread-9] Progress: 46300 results so far; time 33.837000s; 1368.3 records/s
2021-01-24 21:41:57,314 WARN com.marklogic.analyzer.Analyzer [pool-1-thread-5] Progress: 46400 results so far; time 33.878000s; 1369.6 records/s
2021-01-24 21:41:57,543 WARN com.marklogic.analyzer.Analyzer [pool-1-thread-3] Progress: 46500 results so far; time 34.107000s; 1363.4 records/s
2021-01-24 21:41:57,582 WARN com.marklogic.analyzer.Analyzer [pool-1-thread-10] Progress: 46600 results so far; time 34.146000s; 1364.7 records/s
2021-01-24 21:41:57,647 WARN com.marklogic.analyzer.Analyzer [pool-1-thread-7] Progress: 46700 results so far; time 34.211000s; 1365.1 records/s
2021-01-24 21:41:57,686 WARN com.marklogic.analyzer.Analyzer [pool-1-thread-4] Progress: 46800 results so far; time 34.250000s; 1366.4 records/s
2021-01-24 21:41:57,769 WARN com.marklogic.analyzer.Analyzer [pool-1-thread-2] Progress: 46900 results so far; time 34.333000s; 1366.0 records/s
2021-01-24 21:41:58,008 WARN com.marklogic.analyzer.Analyzer [pool-1-thread-8] Progress: 47000 results so far; time 34.571000s; 1359.5 records/s
2021-01-24 21:41:58,027 WARN com.marklogic.analyzer.Analyzer [pool-1-thread-1] Progress: 47100 results so far; time 34.590000s; 1361.7 records/s
2021-01-24 21:41:58,241 WARN com.marklogic.analyzer.Analyzer [pool-1-thread-6] Progress: 47200 results so far; time 34.805000s; 1356.1 records/s
2021-01-24 21:41:58,266 WARN com.marklogic.analyzer.Analyzer [pool-1-thread-9] Progress: 47300 results so far; time 34.829000s; 1358.1 records/s
2021-01-24 21:41:58,427 WARN com.marklogic.analyzer.Analyzer [pool-1-thread-10] Progress: 47500 results so far; time 34.990000s; 1357.5 records/s
2021-01-24 21:41:58,614 WARN com.marklogic.analyzer.Analyzer [pool-1-thread-7] Progress: 47800 results so far; time 35.177000s; 1358.8 records/s
2021-01-24 21:41:58,679 WARN com.marklogic.analyzer.Analyzer [pool-1-thread-2] Progress: 47900 results so far; time 35.243000s; 1359.1 records/s
2021-01-24 21:41:58,688 WARN com.marklogic.analyzer.Analyzer [pool-1-thread-8] Progress: 48000 results so far; time 35.252000s; 1361.6 records/s
2021-01-24 21:41:58,699 WARN com.marklogic.analyzer.Analyzer [pool-1-thread-6] Progress: 48200 results so far; time 35.262000s; 1366.9 records/s
2021-01-24 21:41:58,782 WARN com.marklogic.analyzer.Analyzer [pool-1-thread-9] Progress: 48300 results so far; time 35.345000s; 1366.5 records/s
2021-01-24 21:41:58,931 WARN com.marklogic.analyzer.Analyzer [pool-1-thread-10] Progress: 48400 results so far; time 35.495000s; 1363.6 records/s
2021-01-24 21:41:58,937 WARN com.marklogic.analyzer.Analyzer [pool-1-thread-5] Progress: 48500 results so far; time 35.501000s; 1366.2 records/s
2021-01-24 21:41:59,103 WARN com.marklogic.analyzer.Analyzer [pool-1-thread-7] Progress: 48600 results so far; time 35.667000s; 1362.6 records/s
2021-01-24 21:41:59,155 WARN com.marklogic.analyzer.Analyzer [pool-1-thread-4] Progress: 48700 results so far; time 35.719000s; 1363.4 records/s
2021-01-24 21:41:59,213 WARN com.marklogic.analyzer.Analyzer [pool-1-thread-3] Progress: 48800 results so far; time 35.776000s; 1364.0 records/s
2021-01-24 21:41:59,246 WARN com.marklogic.analyzer.Analyzer [pool-1-thread-2] Progress: 48900 results so far; time 35.810000s; 1365.5 records/s
2021-01-24 21:41:59,340 WARN com.marklogic.analyzer.Analyzer [pool-1-thread-8] Progress: 49000 results so far; time 35.903000s; 1364.8 records/s
2021-01-24 21:41:59,368 WARN com.marklogic.analyzer.Analyzer [pool-1-thread-6] Progress: 49100 results so far; time 35.932000s; 1366.5 records/s
2021-01-24 21:41:59,583 WARN com.marklogic.analyzer.Analyzer [pool-1-thread-1] Progress: 49200 results so far; time 36.146000s; 1361.1 records/s
2021-01-24 21:41:59,592 WARN com.marklogic.analyzer.Analyzer [pool-1-thread-9] Progress: 49300 results so far; time 36.156000s; 1363.5 records/s
2021-01-24 21:41:59,724 WARN com.marklogic.analyzer.Analyzer [pool-1-thread-10] Progress: 49500 results so far; time 36.288000s; 1364.1 records/s
2021-01-24 21:41:59,794 WARN com.marklogic.analyzer.Analyzer [pool-1-thread-7] Progress: 49600 results so far; time 36.358000s; 1364.2 records/s
2021-01-24 21:41:59,846 WARN com.marklogic.analyzer.Analyzer [pool-1-thread-4] Progress: 49700 results so far; time 36.410000s; 1365.0 records/s
2021-01-24 21:41:59,924 WARN com.marklogic.analyzer.Analyzer [pool-1-thread-2] Progress: 49800 results so far; time 36.488000s; 1364.8 records/s
2021-01-24 21:41:59,964 WARN com.marklogic.analyzer.Analyzer [pool-1-thread-8] Progress: 50000 results so far; time 36.528000s; 1368.8 records/s
2021-01-24 21:41:59,998 WARN com.marklogic.analyzer.Analyzer [pool-1-thread-6] Progress: 50100 results so far; time 36.562000s; 1370.3 records/s
2021-01-24 21:42:00,094 WARN com.marklogic.analyzer.Analyzer [pool-1-thread-9] Progress: 50300 results so far; time 36.658000s; 1372.1 records/s
2021-01-24 21:42:00,221 WARN com.marklogic.analyzer.Analyzer [pool-1-thread-10] Progress: 50400 results so far; time 36.785000s; 1370.1 records/s
2021-01-24 21:42:00,227 WARN com.marklogic.analyzer.Analyzer [pool-1-thread-5] Progress: 50500 results so far; time 36.791000s; 1372.6 records/s
2021-01-24 21:42:00,273 WARN com.marklogic.analyzer.Analyzer [pool-1-thread-7] Progress: 50600 results so far; time 36.837000s; 1373.6 records/s
2021-01-24 21:42:00,394 WARN com.marklogic.analyzer.Analyzer [pool-1-thread-4] Progress: 50700 results so far; time 36.958000s; 1371.8 records/s
2021-01-24 21:42:00,451 WARN com.marklogic.analyzer.Analyzer [pool-1-thread-2] Progress: 50800 results so far; time 37.015000s; 1372.4 records/s
2021-01-24 21:42:00,489 WARN com.marklogic.analyzer.Analyzer [pool-1-thread-8] Progress: 50900 results so far; time 37.053000s; 1373.7 records/s
2021-01-24 21:42:00,541 WARN com.marklogic.analyzer.Analyzer [pool-1-thread-3] Progress: 51000 results so far; time 37.105000s; 1374.5 records/s
2021-01-24 21:42:00,547 WARN com.marklogic.analyzer.Analyzer [pool-1-thread-6] Progress: 51100 results so far; time 37.111000s; 1377.0 records/s
2021-01-24 21:42:00,600 WARN com.marklogic.analyzer.Analyzer [pool-1-thread-1] Progress: 51200 results so far; time 37.164000s; 1377.7 records/s
2021-01-24 21:42:00,791 WARN com.marklogic.analyzer.Analyzer [pool-1-thread-9] Progress: 51300 results so far; time 37.355000s; 1373.3 records/s
2021-01-24 21:42:00,951 WARN com.marklogic.analyzer.Analyzer [pool-1-thread-5] Progress: 51400 results so far; time 37.515000s; 1370.1 records/s
2021-01-24 21:42:00,978 WARN com.marklogic.analyzer.Analyzer [pool-1-thread-10] Progress: 51500 results so far; time 37.542000s; 1371.8 records/s
2021-01-24 21:42:01,049 WARN com.marklogic.analyzer.Analyzer [pool-1-thread-4] Progress: 51700 results so far; time 37.613000s; 1374.5 records/s
2021-01-24 21:42:01,225 WARN com.marklogic.analyzer.Analyzer [pool-1-thread-2] Progress: 51800 results so far; time 37.789000s; 1370.8 records/s
2021-01-24 21:42:01,278 WARN com.marklogic.analyzer.Analyzer [pool-1-thread-8] Progress: 51900 results so far; time 37.841000s; 1371.5 records/s
2021-01-24 21:42:01,300 WARN com.marklogic.analyzer.Analyzer [pool-1-thread-3] Progress: 52000 results so far; time 37.864000s; 1373.3 records/s
2021-01-24 21:42:01,357 WARN com.marklogic.analyzer.Analyzer [pool-1-thread-6] Progress: 52100 results so far; time 37.921000s; 1373.9 records/s
2021-01-24 21:42:01,391 WARN com.marklogic.analyzer.Analyzer [pool-1-thread-1] Progress: 52200 results so far; time 37.954000s; 1375.3 records/s
2021-01-24 21:42:01,415 WARN com.marklogic.analyzer.Analyzer [pool-1-thread-9] Progress: 52300 results so far; time 37.978000s; 1377.1 records/s
2021-01-24 21:42:01,481 WARN com.marklogic.analyzer.Analyzer [pool-1-thread-5] Progress: 52400 results so far; time 38.044000s; 1377.4 records/s
2021-01-24 21:42:01,485 WARN com.marklogic.analyzer.Analyzer [pool-1-thread-10] Progress: 52500 results so far; time 38.049000s; 1379.8 records/s
2021-01-24 21:42:01,604 WARN com.marklogic.analyzer.Analyzer [pool-1-thread-4] Progress: 52600 results so far; time 38.168000s; 1378.1 records/s
2021-01-24 21:42:01,655 WARN com.marklogic.analyzer.Analyzer [pool-1-thread-7] Progress: 52700 results so far; time 38.219000s; 1378.9 records/s
2021-01-24 21:42:01,729 WARN com.marklogic.analyzer.Analyzer [pool-1-thread-2] Progress: 52800 results so far; time 38.293000s; 1378.8 records/s
2021-01-24 21:42:01,858 WARN com.marklogic.analyzer.Analyzer [pool-1-thread-3] Progress: 53000 results so far; time 38.422000s; 1379.4 records/s
2021-01-24 21:42:01,901 WARN com.marklogic.analyzer.Analyzer [pool-1-thread-6] Progress: 53100 results so far; time 38.464000s; 1380.5 records/s
2021-01-24 21:42:01,922 WARN com.marklogic.analyzer.Analyzer [pool-1-thread-9] Progress: 53200 results so far; time 38.486000s; 1382.3 records/s
2021-01-24 21:42:01,954 WARN com.marklogic.analyzer.Analyzer [pool-1-thread-1] Progress: 53300 results so far; time 38.517000s; 1383.8 records/s
2021-01-24 21:42:01,975 WARN com.marklogic.analyzer.Analyzer [pool-1-thread-5] Progress: 53400 results so far; time 38.539000s; 1385.6 records/s
2021-01-24 21:42:01,992 WARN com.marklogic.analyzer.Analyzer [pool-1-thread-10] Progress: 53500 results so far; time 38.556000s; 1387.6 records/s
2021-01-24 21:42:02,065 WARN com.marklogic.analyzer.Analyzer [pool-1-thread-4] Progress: 53600 results so far; time 38.629000s; 1387.6 records/s
2021-01-24 21:42:02,154 WARN com.marklogic.analyzer.Analyzer [pool-1-thread-7] Progress: 53700 results so far; time 38.717000s; 1387.0 records/s
2021-01-24 21:42:02,208 WARN com.marklogic.analyzer.Analyzer [pool-1-thread-2] Progress: 53800 results so far; time 38.772000s; 1387.6 records/s
2021-01-24 21:42:02,278 WARN com.marklogic.analyzer.Analyzer [pool-1-thread-3] Progress: 54000 results so far; time 38.842000s; 1390.2 records/s
2021-01-24 21:42:02,501 WARN com.marklogic.analyzer.Analyzer [pool-1-thread-9] Progress: 54200 results so far; time 39.065000s; 1387.4 records/s
2021-01-24 21:42:02,517 WARN com.marklogic.analyzer.Analyzer [pool-1-thread-1] Progress: 54300 results so far; time 39.081000s; 1389.4 records/s
2021-01-24 21:42:02,586 WARN com.marklogic.analyzer.Analyzer [pool-1-thread-5] Progress: 54400 results so far; time 39.150000s; 1389.5 records/s
2021-01-24 21:42:02,613 WARN com.marklogic.analyzer.Analyzer [pool-1-thread-10] Progress: 54500 results so far; time 39.177000s; 1391.1 records/s
2021-01-24 21:42:02,687 WARN com.marklogic.analyzer.Analyzer [pool-1-thread-4] Progress: 54600 results so far; time 39.251000s; 1391.0 records/s
2021-01-24 21:42:02,717 WARN com.marklogic.analyzer.Analyzer [pool-1-thread-7] Progress: 54700 results so far; time 39.281000s; 1392.5 records/s
2021-01-24 21:42:02,908 WARN com.marklogic.analyzer.Analyzer [pool-1-thread-2] Progress: 54800 results so far; time 39.472000s; 1388.3 records/s
2021-01-24 21:42:02,923 WARN com.marklogic.analyzer.Analyzer [pool-1-thread-3] Progress: 54900 results so far; time 39.487000s; 1390.3 records/s
2021-01-24 21:42:02,993 WARN com.marklogic.analyzer.Analyzer [pool-1-thread-8] Progress: 55000 results so far; time 39.557000s; 1390.4 records/s
2021-01-24 21:42:03,082 WARN com.marklogic.analyzer.Analyzer [pool-1-thread-9] Progress: 55200 results so far; time 39.646000s; 1392.3 records/s
2021-01-24 21:42:03,214 WARN com.marklogic.analyzer.Analyzer [pool-1-thread-6] Progress: 55300 results so far; time 39.778000s; 1390.2 records/s
2021-01-24 21:42:03,258 WARN com.marklogic.analyzer.Analyzer [pool-1-thread-5] Progress: 55400 results so far; time 39.822000s; 1391.2 records/s
2021-01-24 21:42:03,272 WARN com.marklogic.analyzer.Analyzer [pool-1-thread-10] Progress: 55500 results so far; time 39.836000s; 1393.2 records/s
2021-01-24 21:42:03,359 WARN com.marklogic.analyzer.Analyzer [pool-1-thread-4] Progress: 55600 results so far; time 39.923000s; 1392.7 records/s
2021-01-24 21:42:03,371 WARN com.marklogic.analyzer.Analyzer [pool-1-thread-7] Progress: 55700 results so far; time 39.935000s; 1394.8 records/s
2021-01-24 21:42:03,430 WARN com.marklogic.analyzer.Analyzer [pool-1-thread-1] Progress: 56186 results so far; time 39.994000s; 1404.9 records/s
2021-01-24 21:42:03,553 WARN com.marklogic.analyzer.Analyzer [http-nio-18083-exec-3] Data Movement Job --> 824e693f-1bd3-4142-a9c6-8921bdea9527 Ended
2021-01-24 21:42:04,907 WARN com.marklogic.analyzer.Analyzer [http-nio-18083-exec-3] Writing Schema Document /ml/abc/analysis/ml9-unit-test-demo-1-1611546082788_Events-schema-1.json
2021-01-24 21:42:05,472 WARN com.marklogic.analyzer.Analyzer [http-nio-18083-exec-3] Wrote Schema Document /ml/abc/analysis/ml9-unit-test-demo-1-1611546082788_Events-schema-1.json
2021-01-24 21:42:06,502 WARN com.marklogic.analyzer.Analyzer [http-nio-18083-exec-3] Writing Schema Document /ml/abc/analysis/ml9-unit-test-demo-1-1611546082788_Event-schema-1.json
2021-01-24 21:42:07,377 WARN com.marklogic.analyzer.Analyzer [http-nio-18083-exec-3] Wrote Schema Document /ml/abc/analysis/ml9-unit-test-demo-1-1611546082788_Event-schema-1.json
2021-01-24 21:42:08,355 WARN com.marklogic.analyzer.Analyzer [http-nio-18083-exec-3] Writing Schema Document /ml/abc/analysis/ml9-unit-test-demo-1-1611546082788_Event-schema-2.json
2021-01-24 21:42:09,103 WARN com.marklogic.analyzer.Analyzer [http-nio-18083-exec-3] Wrote Schema Document /ml/abc/analysis/ml9-unit-test-demo-1-1611546082788_Event-schema-2.json
2021-01-24 21:42:10,141 WARN com.marklogic.analyzer.Analyzer [http-nio-18083-exec-3] Writing Schema Document /ml/abc/analysis/ml9-unit-test-demo-1-1611546082788_Event-schema-3.json
2021-01-24 21:42:10,965 WARN com.marklogic.analyzer.Analyzer [http-nio-18083-exec-3] Wrote Schema Document /ml/abc/analysis/ml9-unit-test-demo-1-1611546082788_Event-schema-3.json
2021-01-24 21:42:12,684 WARN com.marklogic.analyzer.Analyzer [http-nio-18083-exec-3] Writing Schema Document /ml/abc/analysis/ml9-unit-test-demo-1-1611546082788_clinical-data-schema-1.xsd
2021-01-24 21:42:13,475 WARN com.marklogic.analyzer.Analyzer [http-nio-18083-exec-3] Wrote Schema Document /ml/abc/analysis/ml9-unit-test-demo-1-1611546082788_clinical-data-schema-1.xsd
2021-01-24 21:42:14,479 WARN com.marklogic.analyzer.Analyzer [http-nio-18083-exec-3] Writing Schema Document /ml/abc/analysis/ml9-unit-test-demo-1-1611546082788_products-schema-1.json
2021-01-24 21:42:15,302 WARN com.marklogic.analyzer.Analyzer [http-nio-18083-exec-3] Wrote Schema Document /ml/abc/analysis/ml9-unit-test-demo-1-1611546082788_products-schema-1.json
2021-01-24 21:42:15,304 WARN com.marklogic.analyzer.Analyzer [http-nio-18083-exec-3] Writing Analysis Document /ml/abc/analysis/ml9-unit-test-demo-1-1611546080457.json
2021-01-24 21:42:16,267 WARN com.marklogic.analyzer.Analyzer [http-nio-18083-exec-3] Wrote Analysis Document /ml/abc/analysis/ml9-unit-test-demo-1-1611546080457.json
2021-01-24 21:42:16,271 WARN com.marklogic.analyzer.Analyzer [http-nio-18083-exec-3]  Ended Analyzing com.marklogic.analyzer.Analyzer
2021-01-24 21:42:16,275 WARN com.marklogic.analyzer.Analyzer [http-nio-18083-exec-3] Execution time for com.marklogic.analyzer.Analyzer is 53 seconds.
